This is pdfTeX, Version 3.14159265-2.6-1.40.17 (MiKTeX 2.9.6210 64-bit) (preloaded format=pdflatex 2017.4.30)  3 DEC 2017 14:45
entering extended mode
**./template.tex
(template.tex
LaTeX2e <2017/01/01> patch level 1
Babel <3.9r> and hyphenation patterns for 75 language(s) loaded.
("C:\Program Files\Miktex\tex\latex\base\article.cls"
Document Class: article 2014/09/29 v1.4h Standard LaTeX document class
("C:\Program Files\Miktex\tex\latex\base\size10.clo"
File: size10.clo 2014/09/29 v1.4h Standard LaTeX file (size option)
)
\c@part=\count79
\c@section=\count80
\c@subsection=\count81
\c@subsubsection=\count82
\c@paragraph=\count83
\c@subparagraph=\count84
\c@figure=\count85
\c@table=\count86
\abovecaptionskip=\skip41
\belowcaptionskip=\skip42
\bibindent=\dimen102
) (usenix.sty
("C:\Program Files\Miktex\tex\latex\psnfss\mathptmx.sty"
Package: mathptmx 2005/04/12 PSNFSS-v9.2a Times w/ Math, improved (SPQR, WaS) 
LaTeX Font Info:    Redeclaring symbol font `operators' on input line 28.
LaTeX Font Info:    Overwriting symbol font `operators' in version `normal'
(Font)                  OT1/cmr/m/n --> OT1/ztmcm/m/n on input line 28.
LaTeX Font Info:    Overwriting symbol font `operators' in version `bold'
(Font)                  OT1/cmr/bx/n --> OT1/ztmcm/m/n on input line 28.
LaTeX Font Info:    Redeclaring symbol font `letters' on input line 29.
LaTeX Font Info:    Overwriting symbol font `letters' in version `normal'
(Font)                  OML/cmm/m/it --> OML/ztmcm/m/it on input line 29.
LaTeX Font Info:    Overwriting symbol font `letters' in version `bold'
(Font)                  OML/cmm/b/it --> OML/ztmcm/m/it on input line 29.
LaTeX Font Info:    Redeclaring symbol font `symbols' on input line 30.
LaTeX Font Info:    Overwriting symbol font `symbols' in version `normal'
(Font)                  OMS/cmsy/m/n --> OMS/ztmcm/m/n on input line 30.
LaTeX Font Info:    Overwriting symbol font `symbols' in version `bold'
(Font)                  OMS/cmsy/b/n --> OMS/ztmcm/m/n on input line 30.
LaTeX Font Info:    Redeclaring symbol font `largesymbols' on input line 31.
LaTeX Font Info:    Overwriting symbol font `largesymbols' in version `normal'
(Font)                  OMX/cmex/m/n --> OMX/ztmcm/m/n on input line 31.
LaTeX Font Info:    Overwriting symbol font `largesymbols' in version `bold'
(Font)                  OMX/cmex/m/n --> OMX/ztmcm/m/n on input line 31.
\symbold=\mathgroup4
\symitalic=\mathgroup5
LaTeX Font Info:    Redeclaring math alphabet \mathbf on input line 34.
LaTeX Font Info:    Overwriting math alphabet `\mathbf' in version `normal'
(Font)                  OT1/cmr/bx/n --> OT1/ptm/bx/n on input line 34.
LaTeX Font Info:    Overwriting math alphabet `\mathbf' in version `bold'
(Font)                  OT1/cmr/bx/n --> OT1/ptm/bx/n on input line 34.
LaTeX Font Info:    Redeclaring math alphabet \mathit on input line 35.
LaTeX Font Info:    Overwriting math alphabet `\mathit' in version `normal'
(Font)                  OT1/cmr/m/it --> OT1/ptm/m/it on input line 35.
LaTeX Font Info:    Overwriting math alphabet `\mathit' in version `bold'
(Font)                  OT1/cmr/bx/it --> OT1/ptm/m/it on input line 35.
LaTeX Info: Redefining \hbar on input line 50.
))
("C:\Program Files\Miktex\tex\latex\graphics\epsfig.sty"
Package: epsfig 1999/02/16 v1.7a (e)psfig emulation (SPQR)

("C:\Program Files\Miktex\tex\latex\graphics\graphicx.sty"
Package: graphicx 2014/10/28 v1.0g Enhanced LaTeX Graphics (DPC,SPQR)

("C:\Program Files\Miktex\tex\latex\graphics\keyval.sty"
Package: keyval 2014/10/28 v1.15 key=value parser (DPC)
\KV@toks@=\toks14
)
("C:\Program Files\Miktex\tex\latex\graphics\graphics.sty"
Package: graphics 2016/10/09 v1.0u Standard LaTeX Graphics (DPC,SPQR)

("C:\Program Files\Miktex\tex\latex\graphics\trig.sty"
Package: trig 2016/01/03 v1.10 sin cos tan (DPC)
)
("C:\Program Files\Miktex\tex\latex\graphics-cfg\graphics.cfg"
File: graphics.cfg 2016/06/04 v1.11 sample graphics configuration
)
Package graphics Info: Driver file: pdftex.def on input line 99.

("C:\Program Files\Miktex\tex\latex\graphics-def\pdftex.def"
File: pdftex.def 2017/01/12 v0.06k Graphics/color for pdfTeX

("C:\Program Files\Miktex\tex\generic\oberdiek\infwarerr.sty"
Package: infwarerr 2016/05/16 v1.4 Providing info/warning/error messages (HO)
)
("C:\Program Files\Miktex\tex\generic\oberdiek\ltxcmds.sty"
Package: ltxcmds 2016/05/16 v1.23 LaTeX kernel commands for general use (HO)
)
\Gread@gobject=\count87
))
\Gin@req@height=\dimen103
\Gin@req@width=\dimen104
)
\epsfxsize=\dimen105
\epsfysize=\dimen106
)
("C:\Program Files\Miktex\tex\latex\endnotes\endnotes.sty"
\c@endnote=\count88
\endnotesep=\dimen107
\@enotes=\write3
)
("C:\Program Files\Miktex\tex\latex\hyphenat\hyphenat.sty"
Package: hyphenat 2009/09/02 v2.3c hyphenation utilities
\langwohyphens=\language75
LaTeX Info: Redefining \_ on input line 43.
) (template.aux)
\openout1 = `template.aux'.

LaTeX Font Info:    Checking defaults for OML/cmm/m/it on input line 27.
LaTeX Font Info:    ... okay on input line 27.
LaTeX Font Info:    Checking defaults for T1/cmr/m/n on input line 27.
LaTeX Font Info:    ... okay on input line 27.
LaTeX Font Info:    Checking defaults for OT1/cmr/m/n on input line 27.
LaTeX Font Info:    ... okay on input line 27.
LaTeX Font Info:    Checking defaults for OMS/cmsy/m/n on input line 27.
LaTeX Font Info:    ... okay on input line 27.
LaTeX Font Info:    Checking defaults for OMX/cmex/m/n on input line 27.
LaTeX Font Info:    ... okay on input line 27.
LaTeX Font Info:    Checking defaults for U/cmr/m/n on input line 27.
LaTeX Font Info:    ... okay on input line 27.
LaTeX Font Info:    Try loading font information for OT1+ptm on input line 27.

("C:\Program Files\Miktex\tex\latex\psnfss\ot1ptm.fd"
File: ot1ptm.fd 2001/06/04 font definitions for OT1/ptm.
)
\big@size=\dimen108

(C:\Users\Addison\AppData\Roaming\MiKTeX\2.9\tex\context\base\supp-pdf.mkii
[Loading MPS to PDF converter (version 2006.09.02).]
\scratchcounter=\count89
\scratchdimen=\dimen109
\scratchbox=\box26
\nofMPsegments=\count90
\nofMParguments=\count91
\everyMPshowfont=\toks15
\MPscratchCnt=\count92
\MPscratchDim=\dimen110
\MPnumerator=\count93
\makeMPintoPDFobject=\count94
\everyMPtoPDFconversion=\toks16
) ("C:\Program Files\Miktex\tex\generic\oberdiek\pdftexcmds.sty"
Package: pdftexcmds 2016/05/21 v0.22 Utility functions of pdfTeX for LuaTeX (HO
)

("C:\Program Files\Miktex\tex\generic\oberdiek\ifluatex.sty"
Package: ifluatex 2016/05/16 v1.4 Provides the ifluatex switch (HO)
Package ifluatex Info: LuaTeX not detected.
)
("C:\Program Files\Miktex\tex\generic\oberdiek\ifpdf.sty"
Package: ifpdf 2016/05/14 v3.1 Provides the ifpdf switch
)
Package pdftexcmds Info: LuaTeX not detected.
Package pdftexcmds Info: \pdf@primitive is available.
Package pdftexcmds Info: \pdf@ifprimitive is available.
Package pdftexcmds Info: \pdfdraftmode found.
)
("C:\Program Files\Miktex\tex\latex\oberdiek\epstopdf-base.sty"
Package: epstopdf-base 2016/05/15 v2.6 Base part for package epstopdf

("C:\Program Files\Miktex\tex\latex\oberdiek\grfext.sty"
Package: grfext 2016/05/16 v1.2 Manage graphics extensions (HO)

("C:\Program Files\Miktex\tex\generic\oberdiek\kvdefinekeys.sty"
Package: kvdefinekeys 2016/05/16 v1.4 Define keys (HO)
))
("C:\Program Files\Miktex\tex\latex\oberdiek\kvoptions.sty"
Package: kvoptions 2016/05/16 v3.12 Key value format for package options (HO)

("C:\Program Files\Miktex\tex\generic\oberdiek\kvsetkeys.sty"
Package: kvsetkeys 2016/05/16 v1.17 Key value parser (HO)

("C:\Program Files\Miktex\tex\generic\oberdiek\etexcmds.sty"
Package: etexcmds 2016/05/16 v1.6 Avoid name clashes with e-TeX commands (HO)
Package etexcmds Info: Could not find \expanded.
(etexcmds)             That can mean that you are not using pdfTeX 1.50 or
(etexcmds)             that some package has redefined \expanded.
(etexcmds)             In the latter case, load this package earlier.
)))
Package epstopdf-base Info: Redefining graphics rule for `.eps' on input line 4
38.
Package grfext Info: Graphics extension search list:
(grfext)             [.png,.pdf,.jpg,.mps,.jpeg,.jbig2,.jb2,.PNG,.PDF,.JPG,.JPE
G,.JBIG2,.JB2,.eps]
(grfext)             \AppendGraphicsExtensions on input line 456.
)
LaTeX Font Info:    Font shape `OT1/ptm/bx/n' in size <14.4> not available
(Font)              Font shape `OT1/ptm/b/n' tried instead on input line 46.
LaTeX Font Info:    Font shape `OT1/cmtt/bx/n' in size <14.4> not available
(Font)              Font shape `OT1/cmtt/m/n' tried instead on input line 46.
LaTeX Font Info:    Try loading font information for OT1+ztmcm on input line 46
.

("C:\Program Files\Miktex\tex\latex\psnfss\ot1ztmcm.fd"
File: ot1ztmcm.fd 2000/01/03 Fontinst v1.801 font definitions for OT1/ztmcm.
)
LaTeX Font Info:    Try loading font information for OML+ztmcm on input line 46
.

("C:\Program Files\Miktex\tex\latex\psnfss\omlztmcm.fd"
File: omlztmcm.fd 2000/01/03 Fontinst v1.801 font definitions for OML/ztmcm.
)
LaTeX Font Info:    Try loading font information for OMS+ztmcm on input line 46
.

("C:\Program Files\Miktex\tex\latex\psnfss\omsztmcm.fd"
File: omsztmcm.fd 2000/01/03 Fontinst v1.801 font definitions for OMS/ztmcm.
)
LaTeX Font Info:    Try loading font information for OMX+ztmcm on input line 46
.

("C:\Program Files\Miktex\tex\latex\psnfss\omxztmcm.fd"
File: omxztmcm.fd 2000/01/03 Fontinst v1.801 font definitions for OMX/ztmcm.
)
LaTeX Font Info:    Font shape `OT1/ptm/bx/n' in size <12> not available
(Font)              Font shape `OT1/ptm/b/n' tried instead on input line 46.
LaTeX Font Info:    Font shape `OT1/ptm/bx/n' in size <9> not available
(Font)              Font shape `OT1/ptm/b/n' tried instead on input line 46.
LaTeX Font Info:    Font shape `OT1/ptm/bx/n' in size <7> not available
(Font)              Font shape `OT1/ptm/b/n' tried instead on input line 46.

Underfull \hbox (badness 2253) in paragraph at lines 61--62
\OT1/ptm/m/n/10 time. It does, how-ever, for-bid cer-tain un-de-fined
 []


Underfull \hbox (badness 2689) in paragraph at lines 61--62
\OT1/ptm/m/n/10 op-er-a-tions. There are two main im-ple-men-ta-tions
 []


Underfull \hbox (badness 1596) in paragraph at lines 61--62
\OT1/ptm/m/n/10 of Python, Cython and Jython, the for-mer writ-ten
 []


Underfull \hbox (badness 1184) in paragraph at lines 61--62
\OT1/ptm/m/n/10 in C and the lat-ter in Java. The main dif-fer-ence
 []


Underfull \hbox (badness 3612) in paragraph at lines 69--70
\OT1/ptm/m/n/10 in ap-pli-ca-tions where many re-quests are re-ceived
 []


Underfull \hbox (badness 1383) in paragraph at lines 69--70
\OT1/ptm/m/n/10 pool, re-quests fur-ther down the call stack may be
 []


Underfull \hbox (badness 10000) in paragraph at lines 69--70

 []


Underfull \hbox (badness 1297) in paragraph at lines 71--72
[]\OT1/ptm/m/n/10 An im-prove-ment on this method for ap-pli-ca-tions
 []


Underfull \hbox (badness 10000) in paragraph at lines 71--72
\OT1/ptm/m/n/10 which con-duct a high-level of con-cur-rent I/O
 []


Underfull \hbox (badness 1057) in paragraph at lines 71--72
\OT1/ptm/m/n/10 to an-other corou-tine and awaits trans-mis-sion. The
 []


Underfull \hbox (badness 2134) in paragraph at lines 71--72
\OT1/ptm/m/n/10 Gen-er-a-tors in-tro-duced the \OT1/cmtt/m/n/10 yield \OT1/ptm/
m/n/10 com-mand, which
 []


Underfull \hbox (badness 1789) in paragraph at lines 71--72
\OT1/ptm/m/n/10 were purely one-directional, how-ever, as it as not
 []

[1{C:/Users/Addison/AppData/Local/MiKTeX/2.9/pdftex/config/pdftex.map}


]
LaTeX Font Info:    Font shape `OT1/cmtt/bx/n' in size <12> not available
(Font)              Font shape `OT1/cmtt/m/n' tried instead on input line 77.

Underfull \hbox (badness 2237) in paragraph at lines 79--80
\OT1/cmtt/m/n/10 asyncio \OT1/ptm/m/n/10 is a mod-ule that "pro-vides in-fras-t
ruc-ture
 []


Underfull \hbox (badness 5105) in paragraph at lines 79--80
\OT1/ptm/m/n/10 for writ-ing single-threaded con-cur-rent code us-ing
 []


Underfull \hbox (badness 10000) in paragraph at lines 82--83
[]\OT1/cmtt/m/n/10 asyncio \OT1/ptm/m/n/10 is the ideal Python mod-ule for
 []


Underfull \hbox (badness 4779) in paragraph at lines 82--83
\OT1/ptm/m/n/10 im-ple-men-ta-tion of the Wiki-me-dia plat-form. To
 []


Underfull \hbox (badness 10000) in paragraph at lines 90--91
\OT1/ptm/m/n/10 The ob-jec-tive of the project is to have five
 []


Underfull \hbox (badness 10000) in paragraph at lines 90--91
\OT1/ptm/m/n/10 concurrently-running servers named Al-ford,
 []


Underfull \hbox (badness 10000) in paragraph at lines 90--91
\OT1/ptm/m/n/10 Ball, Hamil-ton, Hol-i-day, and Welsh lis-ten-ing
 []


Underfull \hbox (badness 2772) in paragraph at lines 90--91
\OT1/ptm/m/n/10 on five dis-tinct TCP ports. To in-stan-ti-ate these
 []


Underfull \hbox (badness 10000) in paragraph at lines 90--91
\OT1/ptm/m/n/10 servers, we first cre-ate an event loop with
 []


Underfull \hbox (badness 5771) in paragraph at lines 90--91
\OT1/cmtt/m/n/10 asyncio.get[]-event[]-loop()\OT1/ptm/m/n/10 , which, when call
ed
 []


Underfull \hbox (badness 10000) in paragraph at lines 90--91
\OT1/cmtt/m/n/10 asyncio.AbstractEventLoop.create[]-server()
 []


Underfull \hbox (badness 1540) in paragraph at lines 92--93
[]\OT1/ptm/m/n/10 We pass \OT1/cmtt/m/n/10 create[]-server() \OT1/ptm/m/n/10 a 
lambda-instantiated
 []


Underfull \hbox (badness 1077) in paragraph at lines 96--97
\OT1/ptm/m/n/10 (sub-classed from \OT1/cmtt/m/n/10 asyncio.Protocol\OT1/ptm/m/n
/10 ) to han-dle its
 []


Underfull \vbox (badness 1859) has occurred while \output is active []


Underfull \hbox (badness 7486) in paragraph at lines 102--103
[]\OT1/cmtt/m/n/10 InterServerProtocol \OT1/ptm/m/n/10 - han-dles inter-server
 []


Underfull \hbox (badness 3758) in paragraph at lines 103--104
[]\OT1/cmtt/m/n/10 GoogleProtocol \OT1/ptm/m/n/10 - han-dles http 1.1 re-quests

 []

LaTeX Font Info:    Font shape `OT1/ptm/bx/n' in size <10> not available
(Font)              Font shape `OT1/ptm/b/n' tried instead on input line 106.
LaTeX Font Info:    Font shape `OT1/cmtt/bx/n' in size <10> not available
(Font)              Font shape `OT1/cmtt/m/n' tried instead on input line 106.

Underfull \hbox (badness 3635) in paragraph at lines 108--109
\OT1/cmtt/m/n/10 ServerProtocol \OT1/ptm/m/n/10 is the pri-mary pro-to-col thro
ugh
 []


Underfull \hbox (badness 1540) in paragraph at lines 108--109
\OT1/ptm/m/n/10 which trans-mis-sions are sent and re-ceived be-tween
 []


Underfull \hbox (badness 8038) in paragraph at lines 108--109
\OT1/ptm/m/n/10 the server and the client. While sub-class-ing
 []


Underfull \hbox (badness 10000) in paragraph at lines 108--109
\OT1/ptm/m/n/10 of each of its call-back func-tions, no-tably
 []


Underfull \hbox (badness 1946) in paragraph at lines 108--109
\OT1/cmtt/m/n/10 connection[]-made() \OT1/ptm/m/n/10 and \OT1/cmtt/m/n/10 data[
]-received()\OT1/ptm/m/n/10 . The
 []


Underfull \hbox (badness 1082) in paragraph at lines 108--109
\OT1/ptm/m/n/10 oc-cur, such as the open-ing of a con-nec-tion or the
 []


Underfull \hbox (badness 1917) in paragraph at lines 108--109
\OT1/ptm/m/n/10 per-request ba-sis, with call-back func-tions re-turn-ing
 []


Underfull \hbox (badness 2277) in paragraph at lines 108--109
\OT1/ptm/m/n/10 con-trol to the main event loop at the com-ple-tion
 []


Underfull \hbox (badness 3646) in paragraph at lines 108--109
\OT1/ptm/m/n/10 of their ex-e-cu-tion. The \OT1/cmtt/m/n/10 ServerProtocol \OT1
/ptm/m/n/10 reads
 []


Underfull \hbox (badness 1946) in paragraph at lines 108--109
\OT1/cmtt/m/n/10 tokenize[]-request()\OT1/ptm/m/n/10 , \OT1/cmtt/m/n/10 process
[]-<COMMAND>()\OT1/ptm/m/n/10 , and
 []


Underfull \hbox (badness 2478) in paragraph at lines 110--111
[]\OT1/ptm/m/n/10 While to-k-eniz-ing the data, the pro-to-col en-sures
 []


Underfull \hbox (badness 2837) in paragraph at lines 110--111
\OT1/ptm/m/n/10 the database ac-cord-ingly with lo-ca-tion, time, and
 []


Underfull \hbox (badness 2253) in paragraph at lines 110--111
\OT1/ptm/m/n/10 than the cur-rent en-try in the database, pre-vent-ing
 []


Underfull \hbox (badness 3058) in paragraph at lines 110--111
\OT1/ptm/m/n/10 in a dic-tio-nary at the top of the pro-gram us-ing
 []


Overfull \hbox (8.93419pt too wide) in paragraph at lines 110--111
\OT1/cmtt/m/n/10 asyncio.AbstractEventLoop.create[]-connection()
 []


Underfull \hbox (badness 2057) in paragraph at lines 120--120
[]\OT1/ptm/b/n/12 HTTP Re-quest from Google Places
 []


Underfull \hbox (badness 1320) in paragraph at lines 124--125
\OT1/ptm/m/n/10 cre-ated. The first, a TCP pro-to-col, will fa-cil-i-tate
 []

[2] [3

] (template.aux) ) 
Here is how much of TeX's memory you used:
 1720 strings out of 493333
 24322 string characters out of 3140912
 88781 words of memory out of 3000000
 5225 multiletter control sequences out of 15000+200000
 22054 words of font info for 47 fonts, out of 3000000 for 9000
 1141 hyphenation exceptions out of 8191
 39i,8n,25p,1018b,249s stack positions out of 5000i,500n,10000p,200000b,50000s
{C:/Program Files/Miktex/fonts/enc/dvips/base/8r.enc}<C:/Prog
ram Files/Miktex/fonts/type1/public/amsfonts/cm/cmtt10.pfb><C:/Program Files/Mi
ktex/fonts/type1/public/amsfonts/cm/cmtt12.pfb><C:/Program Files/Miktex/fonts/t
ype1/urw/times/utmb8a.pfb><C:/Program Files/Miktex/fonts/type1/urw/times/utmr8a
.pfb><C:/Program Files/Miktex/fonts/type1/urw/times/utmri8a.pfb>
Output written on template.pdf (3 pages, 75081 bytes).
PDF statistics:
 33 PDF objects out of 1000 (max. 8388607)
 0 named destinations out of 1000 (max. 500000)
 1 words of extra memory for PDF output out of 10000 (max. 10000000)

